2025-02-01 09:16:30 [info] : Closing the first tab opened by Chromium... 
2025-02-01 09:16:31 [info] : First tab closed successfully. 
2025-02-01 09:16:31 [info] : Setting user agent: Mozilla/5.0 (Windows NT 10.0; Win64; x64) AppleWebKit/537.36 (KHTML, like Gecko) Chrome/91.0.4472.124 Safari/537.36 
2025-02-01 09:16:31 [info] : Navigating to login page... 
2025-02-01 09:16:33 [info] : Waiting for the "Accept Cookies" button... 
2025-02-01 09:16:49 [info] : "Accept Cookies" button clicked successfully. 
2025-02-01 09:16:49 [info] : Typing email... 
2025-02-01 09:17:16 [info] : Typing password... 
2025-02-01 09:17:26 [info] : Pressing Enter to submit the form... 
2025-02-01 09:17:26 [info] : Waiting for manual CAPTCHA solving... 
2025-02-01 09:18:12 [info] : Login successful and cookies saved. 
2025-02-01 09:18:13 [info] : Login successful. 
2025-02-01 09:18:44 [error] : Error connecting to MongoDB: {"error":"connect ECONNREFUSED ::1:27017, connect ECONNREFUSED 127.0.0.1:27017"}
2025-02-01 09:18:44 [error] : Error in main application: {"error":"connect ECONNREFUSED ::1:27017, connect ECONNREFUSED 127.0.0.1:27017"}
2025-02-01 09:37:14 [info] : Closing the first tab opened by Chromium... 
2025-02-01 09:37:14 [info] : First tab closed successfully. 
2025-02-01 09:37:14 [info] : Setting user agent: Mozilla/5.0 (Windows NT 10.0; Win64; x64) AppleWebKit/537.36 (KHTML, like Gecko) Chrome/91.0.4472.124 Safari/537.36 
2025-02-01 09:37:14 [info] : Navigating to login page... 
2025-02-01 09:37:20 [info] : Waiting for the "Accept Cookies" button... 
2025-02-01 09:37:21 [info] : "Accept Cookies" button clicked successfully. 
2025-02-01 09:37:21 [info] : Typing email... 
2025-02-01 09:37:21 [error] : Error during login: {"error":"No element found for selector: input[name=\"loginEmail\"]"}
2025-02-01 09:37:21 [error] : Error in main application: {"error":"No element found for selector: input[name=\"loginEmail\"]"}
2025-02-01 09:41:49 [info] : Closing the first tab opened by Chromium... 
2025-02-01 09:41:50 [info] : First tab closed successfully. 
2025-02-01 09:41:50 [info] : Setting user agent: Mozilla/5.0 (Windows NT 10.0; Win64; x64) AppleWebKit/537.36 (KHTML, like Gecko) Chrome/91.0.4472.124 Safari/537.36 
2025-02-01 09:41:50 [info] : Navigating to login page... 
2025-02-01 09:41:58 [info] : Waiting for the "Accept Cookies" button... 
2025-02-01 09:41:58 [info] : "Accept Cookies" button clicked successfully. 
2025-02-01 09:41:58 [info] : Typing email... 
2025-02-01 09:41:58 [error] : Error during login: {"error":"No element found for selector: input[name=\"loginEmail\"]"}
2025-02-01 09:41:58 [error] : Error in main application: {"error":"No element found for selector: input[name=\"loginEmail\"]"}
